#
# A fatal error has been detected by the Java Runtime Environment:
#
#  EXCEPTION_STACK_OVERFLOW (0xc00000fd) at pc=0x00000000529c3cb7, pid=31952, tid=0x0000000000006bc0
#
# JRE version: Java(TM) SE Runtime Environment (8.0_161-b12) (build 1.8.0_161-b12)
# Java VM: Java HotSpot(TM) 64-Bit Server VM (25.161-b12 mixed mode windows-amd64 compressed oops)
# Problematic frame:
# V  [jvm.dll+0x213cb7]
#
# Failed to write core dump. Minidumps are not enabled by default on client versions of Windows
#
# If you would like to submit a bug report, please visit:
#   http://bugreport.java.com/bugreport/crash.jsp
#

---------------  T H R E A D  ---------------

Current thread (0x000000001db3a800):  JavaThread "JMX server connection timeout 124" daemon [_thread_in_vm, id=27584, stack(0x0000000022830000,0x0000000022930000)]

siginfo: ExceptionCode=0xc00000fd, ExceptionInformation=0x0000000000000001 0x000000002292d540 

Registers:
RAX=0x000000002292d540, RBX=0x0000000000000003, RCX=0x0000000000002000, RDX=0x0000000000000006
RSP=0x000000002292f540, RBP=0x0000000000000000, RSI=0x000000002292f540, RDI=0x0000000000000003
R8 =0x0000000000000006, R9 =0x0000000021874a00, R10=0x000000001783d4c0, R11=0x000000002283a148
R12=0x0000000021874a00, R13=0x000000001db3a800, R14=0x000000002292f608, R15=0x000000001783d4c0
RIP=0x00000000529c3cb7, EFLAGS=0x0000000000010202

Top of Stack: (sp=0x000000002292f540)
0x000000002292f540:   0000d244e7f7551f 00000001000069a0
0x000000002292f550:   000000001db3a800 0000000021874a00
0x000000002292f560:   00000000ffffffff 00000000529c4be7
0x000000002292f570:   000000002292f670 000000001783d4c0
0x000000002292f580:   000000001db3a800 0000000052870603
0x000000002292f590:   000000002292f5d0 000000001db3a800
0x000000002292f5a0:   000000002292f660 000000001db3a800
0x000000002292f5b0:   000000001783d4c0 000000001db3a800
0x000000002292f5c0:   00000000036a3be0 000000001db3a800
0x000000002292f5d0:   000000001783d4c0 000000001db3a800
0x000000002292f5e0:   000000001783d4c0 000000001db3a800
0x000000002292f5f0:   0000000000000001 000000001783d4c0
0x000000002292f600:   000000001db3a800 000000001b09cb80
0x000000002292f610:   000000001db3a800 0000000052871d6d
0x000000002292f620:   000000002292f928 00000001000069a0
0x000000002292f630:   00000001000069a0 00007ffe349c7a07 

Instructions: (pc=0x00000000529c3cb7)
0x00000000529c3c97:   48 89 6c 24 30 33 ed 66 90 e8 6b 3f 08 00 ff c3
0x00000000529c3ca7:   48 63 c8 48 8b c6 48 0f af cf 48 ff c7 48 2b c1
0x00000000529c3cb7:   89 28 48 63 c3 48 3b 05 15 5a 59 00 7e db 48 8b
0x00000000529c3cc7:   6c 24 30 48 8b 5c 24 38 48 8b 74 24 40 48 83 c4 


Register to memory mapping:

RAX=0x000000002292d540 is pointing into the stack for thread: 0x000000001db3a800
RBX=0x0000000000000003 is an unknown value
RCX=0x0000000000002000 is an unknown value
RDX=0x0000000000000006 is an unknown value
RSP=0x000000002292f540 is pointing into the stack for thread: 0x000000001db3a800
RBP=0x0000000000000000 is an unknown value
RSI=0x000000002292f540 is pointing into the stack for thread: 0x000000001db3a800
RDI=0x0000000000000003 is an unknown value
R8 =0x0000000000000006 is an unknown value
R9 =0x0000000021874a00 is an unknown value
R10={method} {0x000000001783d4c8} 'run' '()V' in 'java/lang/Thread'
R11=0x000000002283a148 is pointing into the stack for thread: 0x000000001db3a800
R12=0x0000000021874a00 is an unknown value
R13=0x000000001db3a800 is a thread
R14=0x000000002292f608 is pointing into the stack for thread: 0x000000001db3a800
R15={method} {0x000000001783d4c8} 'run' '()V' in 'java/lang/Thread'


Stack: [0x0000000022830000,0x0000000022930000],  sp=0x000000002292f540,  free space=1021k
Native frames: (J=compiled Java code, j=interpreted, Vv=VM code, C=native code)


---------------  P R O C E S S  ---------------

Java Threads: ( => current thread )
=>0x000000001db3a800 JavaThread "JMX server connection timeout 124" daemon [_thread_in_vm, id=27584, stack(0x0000000022830000,0x0000000022930000)]
  0x000000001db39000 JavaThread "container-0" [_thread_blocked, id=18360, stack(0x0000000020760000,0x0000000020860000)]
  0x000000001db38800 JavaThread "ContainerBackgroundProcessor[StandardEngine[Tomcat]]" daemon [_thread_blocked, id=7440, stack(0x0000000020660000,0x0000000020760000)]
  0x000000001db3e800 JavaThread "lettuce-eventExecutorLoop-1-1" daemon [_thread_blocked, id=31868, stack(0x0000000020360000,0x0000000020460000)]
  0x000000001db3a000 JavaThread "spring.cloud.inetutils" daemon [_thread_blocked, id=19444, stack(0x000000001ff60000,0x0000000020060000)]
  0x000000001db3d800 JavaThread "SimplePauseDetectorThread_0" daemon [_thread_blocked, id=28500, stack(0x000000001fe60000,0x000000001ff60000)]
  0x000000001db3c000 JavaThread "Thread-55" daemon [_thread_blocked, id=31396, stack(0x000000001fd60000,0x000000001fe60000)]
  0x000000001db3b800 JavaThread "Druid-ConnectionPool-Destroy-894924132" daemon [_thread_blocked, id=27452, stack(0x000000001fc60000,0x000000001fd60000)]
  0x000000001af3c800 JavaThread "Druid-ConnectionPool-Create-894924132" daemon [_thread_blocked, id=32076, stack(0x000000001fb60000,0x000000001fc60000)]
  0x000000001af43800 JavaThread "Abandoned connection cleanup thread" daemon [_thread_blocked, id=25620, stack(0x000000001f860000,0x000000001f960000)]
  0x000000001af42000 JavaThread "CleanCursors-1-thread-1" daemon [_thread_blocked, id=27184, stack(0x000000001f260000,0x000000001f360000)]
  0x000000001af42800 JavaThread "cluster-ClusterId{value='5e6d815fc22cac7cd089fa5c', description='null'}-localhost:27017" daemon [_thread_blocked, id=18692, stack(0x000000001ec60000,0x000000001ed60000)]
  0x000000001af3f000 JavaThread "RMI TCP Connection(idle)" daemon [_thread_blocked, id=31404, stack(0x000000001d190000,0x000000001d290000)]
  0x000000001af3d800 JavaThread "AsyncAppender-Worker-ASYNC" daemon [_thread_blocked, id=25980, stack(0x000000001c290000,0x000000001c390000)]
  0x000000001af3e000 JavaThread "AsyncAppender-Worker-ASYNC" daemon [_thread_blocked, id=27708, stack(0x000000001c190000,0x000000001c290000)]
  0x000000001a2ed000 JavaThread "RMI Scheduler(0)" daemon [_thread_blocked, id=28972, stack(0x000000001bde0000,0x000000001bee0000)]
  0x000000001a2ec000 JavaThread "RMI TCP Connection(4)-127.0.0.1" daemon [_thread_in_native, id=12940, stack(0x000000001bce0000,0x000000001bde0000)]
  0x000000001a2d2800 JavaThread "RMI TCP Connection(1)-127.0.0.1" daemon [_thread_in_native, id=28520, stack(0x000000001bbe0000,0x000000001bce0000)]
  0x000000001a2d1800 JavaThread "RMI TCP Accept-0" daemon [_thread_in_native, id=27972, stack(0x000000001b9e0000,0x000000001bae0000)]
  0x000000001a2b2800 JavaThread "RMI TCP Accept-2021" daemon [_thread_in_native, id=25856, stack(0x000000001a910000,0x000000001aa10000)]
  0x000000001a2b2000 JavaThread "RMI TCP Accept-0" daemon [_thread_in_native, id=1412, stack(0x000000001a810000,0x000000001a910000)]
  0x000000001a0a7000 JavaThread "Service Thread" daemon [_thread_blocked, id=26400, stack(0x000000001a710000,0x000000001a810000)]
  0x0000000019fd5000 JavaThread "C1 CompilerThread2" daemon [_thread_blocked, id=25876, stack(0x000000001a610000,0x000000001a710000)]
  0x0000000019fd4800 JavaThread "C2 CompilerThread1" daemon [_thread_blocked, id=25304, stack(0x000000001a510000,0x000000001a610000)]
  0x0000000019fd3800 JavaThread "C2 CompilerThread0" daemon [_thread_blocked, id=8688, stack(0x000000001a410000,0x000000001a510000)]
  0x0000000019fab000 JavaThread "Monitor Ctrl-Break" daemon [_thread_in_native, id=15552, stack(0x000000001a310000,0x000000001a410000)]
  0x0000000019553800 JavaThread "Attach Listener" daemon [_thread_blocked, id=23380, stack(0x0000000019a10000,0x0000000019b10000)]
  0x00000000181cc000 JavaThread "Signal Dispatcher" daemon [_thread_blocked, id=19552, stack(0x0000000019910000,0x0000000019a10000)]
  0x00000000181a2800 JavaThread "Finalizer" daemon [_thread_blocked, id=26004, stack(0x0000000019410000,0x0000000019510000)]
  0x0000000018179000 JavaThread "Reference Handler" daemon [_thread_blocked, id=26096, stack(0x0000000019310000,0x0000000019410000)]
  0x000000000162e800 JavaThread "main" [_thread_blocked, id=12656, stack(0x0000000003390000,0x0000000003490000)]

Other Threads:
  0x0000000018177000 VMThread [stack: 0x0000000019210000,0x0000000019310000] [id=25088]
  0x000000001a2d2000 WatcherThread [stack: 0x000000001bae0000,0x000000001bbe0000] [id=21856]

VM state:synchronizing (normal execution)

VM Mutex/Monitor currently owned by a thread:  ([mutex/lock_event])
[0x000000000162ab40] Threads_lock - owner thread: 0x0000000018177000
[0x000000000162c8d0] Heap_lock - owner thread: 0x000000000162e800

Heap:
 PSYoungGen      total 330240K, used 6992K [0x00000000d5f80000, 0x00000000eba00000, 0x0000000100000000)
  eden space 320000K, 2% used [0x00000000d5f80000,0x00000000d6654088,0x00000000e9800000)
  from space 10240K, 0% used [0x00000000eb000000,0x00000000eb000000,0x00000000eba00000)
  to   space 15872K, 0% used [0x00000000e9b00000,0x00000000e9b00000,0x00000000eaa80000)
 ParOldGen       total 147456K, used 53206K [0x0000000081e00000, 0x000000008ae00000, 0x00000000d5f80000)
  object space 147456K, 36% used [0x0000000081e00000,0x00000000851f5a58,0x000000008ae00000)
 Metaspace       used 70186K, capacity 72910K, committed 72984K, reserved 1116160K
  class space    used 9738K, capacity 10258K, committed 10280K, reserved 1048576K

Card table byte_map: [0x0000000012a50000,0x0000000012e50000] byte_map_base: 0x0000000012641000

Marking Bits: (ParMarkBitMap*) 0x0000000052fcf860
 Begin Bits: [0x0000000013500000, 0x0000000015488000)
 End Bits:   [0x0000000015488000, 0x0000000017410000)

Polling page: 0x0000000001610000

CodeCache: size=245760Kb used=12881Kb max_used=12881Kb free=232878Kb
 bounds [0x0000000003690000, 0x0000000004330000, 0x0000000012690000]
 total_blobs=6998 nmethods=6380 adapters=528
 compilation: enabled

Compilation events (10 events):
Event: 50.987 Thread 0x0000000019fd5000 6470       1       com.sun.jersey.core.spi.component.ComponentConstructor$ConstructorInjectablePair::access$000 (5 bytes)
Event: 50.987 Thread 0x0000000019fd5000 nmethod 6470 0x0000000004324a10 code [0x0000000004324b60, 0x0000000004324c50]
Event: 50.989 Thread 0x0000000019fd5000 6471       1       com.sun.jersey.core.reflection.AnnotatedMethod::getAnnotations (11 bytes)
Event: 50.990 Thread 0x0000000019fd5000 nmethod 6471 0x0000000004324cd0 code [0x0000000004324e40, 0x0000000004324fc8]
Event: 50.992 Thread 0x0000000019fd5000 6472       1       com.sun.jersey.core.reflection.MethodList$8::keep (50 bytes)
Event: 50.993 Thread 0x0000000019fd5000 nmethod 6472 0x0000000004325050 code [0x0000000004325200, 0x0000000004325588]
Event: 50.993 Thread 0x0000000019fd5000 6473       1       com.sun.jersey.core.reflection.MethodList$7::keep (17 bytes)
Event: 50.993 Thread 0x0000000019fd5000 nmethod 6473 0x00000000043258d0 code [0x0000000004325a20, 0x0000000004325b88]
Event: 52.833 Thread 0x0000000019fd5000 6474       1       java.util.concurrent.ThreadPoolExecutor::workerCountOf (5 bytes)
Event: 52.834 Thread 0x0000000019fd5000 nmethod 6474 0x0000000004325c50 code [0x0000000004325da0, 0x0000000004325e90]

GC Heap History (10 events):
Event: 40.336 GC heap before
{Heap before GC invocations=20 (full 3):
 PSYoungGen      total 291840K, used 12425K [0x00000000d5f80000, 0x00000000ebf80000, 0x0000000100000000)
  eden space 277504K, 0% used [0x00000000d5f80000,0x00000000d5f80000,0x00000000e6e80000)
  from space 14336K, 86% used [0x00000000e6e80000,0x00000000e7aa2658,0x00000000e7c80000)
  to   space 15872K, 0% used [0x00000000eb000000,0x00000000eb000000,0x00000000ebf80000)
 ParOldGen       total 96256K, used 33981K [0x0000000081e00000, 0x0000000087c00000, 0x00000000d5f80000)
  object space 96256K, 35% used [0x0000000081e00000,0x0000000083f2f740,0x0000000087c00000)
 Metaspace       used 57002K, capacity 59070K, committed 59160K, reserved 1099776K
  class space    used 7791K, capacity 8213K, committed 8232K, reserved 1048576K
Event: 40.787 GC heap after
Heap after GC invocations=20 (full 3):
 PSYoungGen      total 291840K, used 0K [0x00000000d5f80000, 0x00000000ebf80000, 0x0000000100000000)
  eden space 277504K, 0% used [0x00000000d5f80000,0x00000000d5f80000,0x00000000e6e80000)
  from space 14336K, 0% used [0x00000000e6e80000,0x00000000e6e80000,0x00000000e7c80000)
  to   space 15872K, 0% used [0x00000000eb000000,0x00000000eb000000,0x00000000ebf80000)
 ParOldGen       total 147456K, used 44213K [0x0000000081e00000, 0x000000008ae00000, 0x00000000d5f80000)
  object space 147456K, 29% used [0x0000000081e00000,0x000000008492d5a0,0x000000008ae00000)
 Metaspace       used 57002K, capacity 59070K, committed 59160K, reserved 1099776K
  class space    used 7791K, capacity 8213K, committed 8232K, reserved 1048576K
}
Event: 43.810 GC heap before
{Heap before GC invocations=21 (full 3):
 PSYoungGen      total 291840K, used 277504K [0x00000000d5f80000, 0x00000000ebf80000, 0x0000000100000000)
  eden space 277504K, 100% used [0x00000000d5f80000,0x00000000e6e80000,0x00000000e6e80000)
  from space 14336K, 0% used [0x00000000e6e80000,0x00000000e6e80000,0x00000000e7c80000)
  to   space 15872K, 0% used [0x00000000eb000000,0x00000000eb000000,0x00000000ebf80000)
 ParOldGen       total 147456K, used 44213K [0x0000000081e00000, 0x000000008ae00000, 0x00000000d5f80000)
  object space 147456K, 29% used [0x0000000081e00000,0x000000008492d5a0,0x000000008ae00000)
 Metaspace       used 60641K, capacity 62966K, committed 63128K, reserved 1103872K
  class space    used 8313K, capacity 8763K, committed 8872K, reserved 1048576K
Event: 43.855 GC heap after
Heap after GC invocations=21 (full 3):
 PSYoungGen      total 330240K, used 10075K [0x00000000d5f80000, 0x00000000eba00000, 0x0000000100000000)
  eden space 320000K, 0% used [0x00000000d5f80000,0x00000000d5f80000,0x00000000e9800000)
  from space 10240K, 98% used [0x00000000eb000000,0x00000000eb9d6dc0,0x00000000eba00000)
  to   space 15872K, 0% used [0x00000000e9b00000,0x00000000e9b00000,0x00000000eaa80000)
 ParOldGen       total 147456K, used 44221K [0x0000000081e00000, 0x000000008ae00000, 0x00000000d5f80000)
  object space 147456K, 29% used [0x0000000081e00000,0x000000008492f5a0,0x000000008ae00000)
 Metaspace       used 60641K, capacity 62966K, committed 63128K, reserved 1103872K
  class space    used 8313K, capacity 8763K, committed 8872K, reserved 1048576K
}
Event: 48.421 GC heap before
{Heap before GC invocations=22 (full 3):
 PSYoungGen      total 330240K, used 330075K [0x00000000d5f80000, 0x00000000eba00000, 0x0000000100000000)
  eden space 320000K, 100% used [0x00000000d5f80000,0x00000000e9800000,0x00000000e9800000)
  from space 10240K, 98% used [0x00000000eb000000,0x00000000eb9d6dc0,0x00000000eba00000)
  to   space 15872K, 0% used [0x00000000e9b00000,0x00000000e9b00000,0x00000000eaa80000)
 ParOldGen       total 147456K, used 44221K [0x0000000081e00000, 0x000000008ae00000, 0x00000000d5f80000)
  object space 147456K, 29% used [0x0000000081e00000,0x000000008492f5a0,0x000000008ae00000)
 Metaspace       used 65652K, capacity 68254K, committed 68504K, reserved 1107968K
  class space    used 9081K, capacity 9571K, committed 9640K, reserved 1048576K
Event: 48.475 GC heap after
Heap after GC invocations=22 (full 3):
 PSYoungGen      total 335872K, used 15862K [0x00000000d5f80000, 0x00000000eba00000, 0x0000000100000000)
  eden space 320000K, 0% used [0x00000000d5f80000,0x00000000d5f80000,0x00000000e9800000)
  from space 15872K, 99% used [0x00000000e9b00000,0x00000000eaa7d8a0,0x00000000eaa80000)
  to   space 10240K, 0% used [0x00000000eb000000,0x00000000eb000000,0x00000000eba00000)
 ParOldGen       total 147456K, used 45024K [0x0000000081e00000, 0x000000008ae00000, 0x00000000d5f80000)
  object space 147456K, 30% used [0x0000000081e00000,0x00000000849f81f0,0x000000008ae00000)
 Metaspace       used 65652K, capacity 68254K, committed 68504K, reserved 1107968K
  class space    used 9081K, capacity 9571K, committed 9640K, reserved 1048576K
}
Event: 51.004 GC heap before
{Heap before GC invocations=23 (full 3):
 PSYoungGen      total 335872K, used 250038K [0x00000000d5f80000, 0x00000000eba00000, 0x0000000100000000)
  eden space 320000K, 73% used [0x00000000d5f80000,0x00000000e44301d8,0x00000000e9800000)
  from space 15872K, 99% used [0x00000000e9b00000,0x00000000eaa7d8a0,0x00000000eaa80000)
  to   space 10240K, 0% used [0x00000000eb000000,0x00000000eb000000,0x00000000eba00000)
 ParOldGen       total 147456K, used 45024K [0x0000000081e00000, 0x000000008ae00000, 0x00000000d5f80000)
  object space 147456K, 30% used [0x0000000081e00000,0x00000000849f81f0,0x000000008ae00000)
 Metaspace       used 69941K, capacity 72622K, committed 72728K, reserved 1116160K
  class space    used 9717K, capacity 10226K, committed 10280K, reserved 1048576K
Event: 51.041 GC heap after
Heap after GC invocations=23 (full 3):
 PSYoungGen      total 330240K, used 10235K [0x00000000d5f80000, 0x00000000eba00000, 0x0000000100000000)
  eden space 320000K, 0% used [0x00000000d5f80000,0x00000000d5f80000,0x00000000e9800000)
  from space 10240K, 99% used [0x00000000eb000000,0x00000000eb9fef30,0x00000000eba00000)
  to   space 15872K, 0% used [0x00000000e9b00000,0x00000000e9b00000,0x00000000eaa80000)
 ParOldGen       total 147456K, used 57917K [0x0000000081e00000, 0x000000008ae00000, 0x00000000d5f80000)
  object space 147456K, 39% used [0x0000000081e00000,0x000000008568f5f0,0x000000008ae00000)
 Metaspace       used 69941K, capacity 72622K, committed 72728K, reserved 1116160K
  class space    used 9717K, capacity 10226K, committed 10280K, reserved 1048576K
}
Event: 51.041 GC heap before
{Heap before GC invocations=24 (full 4):
 PSYoungGen      total 330240K, used 10235K [0x00000000d5f80000, 0x00000000eba00000, 0x0000000100000000)
  eden space 320000K, 0% used [0x00000000d5f80000,0x00000000d5f80000,0x00000000e9800000)
  from space 10240K, 99% used [0x00000000eb000000,0x00000000eb9fef30,0x00000000eba00000)
  to   space 15872K, 0% used [0x00000000e9b00000,0x00000000e9b00000,0x00000000eaa80000)
 ParOldGen       total 147456K, used 57917K [0x0000000081e00000, 0x000000008ae00000, 0x00000000d5f80000)
  object space 147456K, 39% used [0x0000000081e00000,0x000000008568f5f0,0x000000008ae00000)
 Metaspace       used 69941K, capacity 72622K, committed 72728K, reserved 1116160K
  class space    used 9717K, capacity 10226K, committed 10280K, reserved 1048576K
Event: 52.833 GC heap after
Heap after GC invocations=24 (full 4):
 PSYoungGen      total 330240K, used 0K [0x00000000d5f80000, 0x00000000eba00000, 0x0000000100000000)
  eden space 320000K, 0% used [0x00000000d5f80000,0x00000000d5f80000,0x00000000e9800000)
  from space 10240K, 0% used [0x00000000eb000000,0x00000000eb000000,0x00000000eba00000)
  to   space 15872K, 0% used [0x00000000e9b00000,0x00000000e9b00000,0x00000000eaa80000)
 ParOldGen       total 147456K, used 53206K [0x0000000081e00000, 0x000000008ae00000, 0x00000000d5f80000)
  object space 147456K, 36% used [0x0000000081e00000,0x00000000851f5a58,0x000000008ae00000)
 Metaspace       used 69941K, capacity 72622K, committed 72728K, reserved 1114112K
  class space    used 9717K, capacity 10226K, committed 10280K, reserved 1048576K
}

Deoptimization events (0 events):
No events

Classes redefined (0 events):
No events

Internal exceptions (10 events):
Event: 50.982 Thread 0x000000000162e800 Exception <a 'java/lang/ArrayIndexOutOfBoundsException'> (0x00000000e40ab458) thrown at [C:\re\workspace\8-2-build-windows-amd64-cygwin\jdk8u161\10277\hotspot\src\share\vm\runtime\sharedRuntime.cpp, line 605]
Event: 50.982 Thread 0x000000000162e800 Exception <a 'java/lang/ArrayIndexOutOfBoundsException'> (0x00000000e40ae4a8) thrown at [C:\re\workspace\8-2-build-windows-amd64-cygwin\jdk8u161\10277\hotspot\src\share\vm\runtime\sharedRuntime.cpp, line 605]
Event: 50.982 Thread 0x000000000162e800 Exception <a 'java/lang/ArrayIndexOutOfBoundsException'> (0x00000000e40c3138) thrown at [C:\re\workspace\8-2-build-windows-amd64-cygwin\jdk8u161\10277\hotspot\src\share\vm\runtime\sharedRuntime.cpp, line 605]
Event: 50.982 Thread 0x000000000162e800 Exception <a 'java/lang/ArrayIndexOutOfBoundsException'> (0x00000000e40c6188) thrown at [C:\re\workspace\8-2-build-windows-amd64-cygwin\jdk8u161\10277\hotspot\src\share\vm\runtime\sharedRuntime.cpp, line 605]
Event: 50.985 Thread 0x000000000162e800 Exception <a 'java/lang/ArrayIndexOutOfBoundsException'> (0x00000000e40ff3b8) thrown at [C:\re\workspace\8-2-build-windows-amd64-cygwin\jdk8u161\10277\hotspot\src\share\vm\runtime\sharedRuntime.cpp, line 605]
Event: 50.986 Thread 0x000000000162e800 Exception <a 'java/lang/ArrayIndexOutOfBoundsException'> (0x00000000e4105160) thrown at [C:\re\workspace\8-2-build-windows-amd64-cygwin\jdk8u161\10277\hotspot\src\share\vm\runtime\sharedRuntime.cpp, line 605]
Event: 50.986 Thread 0x000000000162e800 Exception <a 'java/lang/ArrayIndexOutOfBoundsException'> (0x00000000e412d038) thrown at [C:\re\workspace\8-2-build-windows-amd64-cygwin\jdk8u161\10277\hotspot\src\share\vm\runtime\sharedRuntime.cpp, line 605]
Event: 50.988 Thread 0x000000000162e800 Exception <a 'java/lang/ArrayIndexOutOfBoundsException'> (0x00000000e4187c10) thrown at [C:\re\workspace\8-2-build-windows-amd64-cygwin\jdk8u161\10277\hotspot\src\share\vm\runtime\sharedRuntime.cpp, line 605]
Event: 50.992 Thread 0x000000000162e800 Exception <a 'java/lang/ArrayIndexOutOfBoundsException'> (0x00000000e41e3ce0) thrown at [C:\re\workspace\8-2-build-windows-amd64-cygwin\jdk8u161\10277\hotspot\src\share\vm\runtime\sharedRuntime.cpp, line 605]
Event: 50.998 Thread 0x000000000162e800 Exception <a 'java/lang/ArrayIndexOutOfBoundsException'> (0x00000000e4299880) thrown at [C:\re\workspace\8-2-build-windows-amd64-cygwin\jdk8u161\10277\hotspot\src\share\vm\runtime\sharedRuntime.cpp, line 605]

Events (10 events):
Event: 52.836 loading class com/alibaba/fastjson/JSONStreamAware
Event: 52.837 loading class com/alibaba/fastjson/JSONStreamAware done
Event: 52.838 loading class com/alibaba/fastjson/JSONAware
Event: 52.838 loading class com/alibaba/fastjson/JSONAware done
Event: 52.840 loading class com/alibaba/fastjson/parser/Feature
Event: 52.840 loading class com/alibaba/fastjson/parser/Feature done
Event: 52.841 loading class com/alibaba/fastjson/util/IOUtils
Event: 52.841 loading class com/alibaba/fastjson/util/IOUtils done
Event: 52.843 loading class com/alibaba/fastjson/util/IOUtils$PropertiesInitializer
Event: 52.843 loading class com/alibaba/fastjson/util/IOUtils$PropertiesInitializer done


Dynamic libraries:
0x00007ff756f40000 - 0x00007ff756f77000 	C:\Program Files\Java\jdk1.8.0_161\bin\java.exe
0x00007ffe34990000 - 0x00007ffe34b84000 	C:\WINDOWS\SYSTEM32\ntdll.dll
0x00007ffe32b10000 - 0x00007ffe32bcd000 	C:\WINDOWS\System32\KERNEL32.DLL
0x00007ffe32610000 - 0x00007ffe328d7000 	C:\WINDOWS\System32\KERNELBASE.dll
0x00007ffe32cf0000 - 0x00007ffe32d9a000 	C:\WINDOWS\System32\ADVAPI32.dll
0x00007ffe33460000 - 0x00007ffe334fe000 	C:\WINDOWS\System32\msvcrt.dll
0x00007ffe33ba0000 - 0x00007ffe33c3b000 	C:\WINDOWS\System32\sechost.dll
0x00007ffe33510000 - 0x00007ffe33633000 	C:\WINDOWS\System32\RPCRT4.dll
0x00007ffe33640000 - 0x00007ffe337e0000 	C:\WINDOWS\System32\USER32.dll
0x00007ffe328e0000 - 0x00007ffe32902000 	C:\WINDOWS\System32\win32u.dll
0x00007ffe34920000 - 0x00007ffe3494a000 	C:\WINDOWS\System32\GDI32.dll
0x00007ffe32300000 - 0x00007ffe3240a000 	C:\WINDOWS\System32\gdi32full.dll
0x00007ffe32570000 - 0x00007ffe3260d000 	C:\WINDOWS\System32\msvcp_win.dll
0x00007ffe320d0000 - 0x00007ffe321d0000 	C:\WINDOWS\System32\ucrtbase.dll
0x00007ffe1f430000 - 0x00007ffe1f6ca000 	C:\WINDOWS\WinSxS\amd64_microsoft.windows.common-controls_6595b64144ccf1df_6.0.19041.1_none_b555e41d4684ddec\COMCTL32.dll
0x00007ffe329f0000 - 0x00007ffe32a20000 	C:\WINDOWS\System32\IMM32.DLL
0x0000000054700000 - 0x00000000547d2000 	C:\Program Files\Java\jdk1.8.0_161\jre\bin\msvcr100.dll
0x00000000527b0000 - 0x000000005304f000 	C:\Program Files\Java\jdk1.8.0_161\jre\bin\server\jvm.dll
0x00007ffe33500000 - 0x00007ffe33508000 	C:\WINDOWS\System32\PSAPI.DLL
0x00007ffe2b750000 - 0x00007ffe2b759000 	C:\WINDOWS\SYSTEM32\WSOCK32.dll
0x00007ffe33980000 - 0x00007ffe339eb000 	C:\WINDOWS\System32\WS2_32.dll
0x00007ffe25360000 - 0x00007ffe25387000 	C:\WINDOWS\SYSTEM32\WINMM.dll
0x00007ffe2a930000 - 0x00007ffe2a93a000 	C:\WINDOWS\SYSTEM32\VERSION.dll
0x0000000054c50000 - 0x0000000054c5f000 	C:\Program Files\Java\jdk1.8.0_161\jre\bin\verify.dll
0x0000000054c20000 - 0x0000000054c49000 	C:\Program Files\Java\jdk1.8.0_161\jre\bin\java.dll
0x00000000546b0000 - 0x00000000546d3000 	C:\Program Files\Java\jdk1.8.0_161\jre\bin\instrument.dll
0x00000000546e0000 - 0x00000000546f6000 	C:\Program Files\Java\jdk1.8.0_161\jre\bin\zip.dll
0x00007ffe33d40000 - 0x00007ffe34471000 	C:\WINDOWS\System32\SHELL32.dll
0x00007ffe2ff00000 - 0x00007ffe3068a000 	C:\WINDOWS\SYSTEM32\windows.storage.dll
0x00007ffe345c0000 - 0x00007ffe34914000 	C:\WINDOWS\System32\combase.dll
0x00007ffe31b50000 - 0x00007ffe31b7b000 	C:\WINDOWS\SYSTEM32\Wldp.dll
0x00007ffe33340000 - 0x00007ffe333ee000 	C:\WINDOWS\System32\SHCORE.dll
0x00007ffe33910000 - 0x00007ffe33965000 	C:\WINDOWS\System32\shlwapi.dll
0x00007ffe32010000 - 0x00007ffe3202f000 	C:\WINDOWS\SYSTEM32\profapi.dll
0x00007ffe2dcd0000 - 0x00007ffe2dcea000 	D:\development tool installation site\IntelliJ IDEA 2018.2.3\bin\breakgen64.dll
0x0000000054690000 - 0x00000000546aa000 	C:\Program Files\Java\jdk1.8.0_161\jre\bin\net.dll
0x00007ffe318d0000 - 0x00007ffe3193a000 	C:\WINDOWS\system32\mswsock.dll
0x0000000054660000 - 0x000000005466d000 	C:\Program Files\Java\jdk1.8.0_161\jre\bin\management.dll
0x0000000054670000 - 0x0000000054681000 	C:\Program Files\Java\jdk1.8.0_161\jre\bin\nio.dll
0x00007ffe19c80000 - 0x00007ffe19c97000 	C:\WINDOWS\system32\napinsp.dll
0x00007ffe19c60000 - 0x00007ffe19c7b000 	C:\WINDOWS\system32\pnrpnsp.dll
0x00007ffe19c40000 - 0x00007ffe19c55000 	C:\WINDOWS\system32\wshbth.dll
0x00007ffe2db10000 - 0x00007ffe2db2d000 	C:\WINDOWS\system32\NLAapi.dll
0x00007ffe31570000 - 0x00007ffe315ab000 	C:\WINDOWS\SYSTEM32\IPHLPAPI.DLL
0x00007ffe315c0000 - 0x00007ffe3168a000 	C:\WINDOWS\SYSTEM32\DNSAPI.dll
0x00007ffe333f0000 - 0x00007ffe333f9000 	C:\WINDOWS\System32\NSI.dll
0x00007ffe19c20000 - 0x00007ffe19c32000 	C:\WINDOWS\System32\winrnr.dll
0x00007ffe20450000 - 0x00007ffe2045a000 	C:\Windows\System32\rasadhlp.dll
0x00007ffe21170000 - 0x00007ffe211ef000 	C:\WINDOWS\System32\fwpuclnt.dll
0x00007ffe32910000 - 0x00007ffe32937000 	C:\WINDOWS\System32\bcrypt.dll
0x00007ffe31ab0000 - 0x00007ffe31ac8000 	C:\WINDOWS\SYSTEM32\CRYPTSP.dll
0x00007ffe311f0000 - 0x00007ffe31224000 	C:\WINDOWS\system32\rsaenh.dll
0x00007ffe31fd0000 - 0x00007ffe31ffe000 	C:\WINDOWS\SYSTEM32\USERENV.dll
0x00007ffe32280000 - 0x00007ffe322ff000 	C:\WINDOWS\System32\bcryptprimitives.dll
0x00007ffe31aa0000 - 0x00007ffe31aac000 	C:\WINDOWS\SYSTEM32\CRYPTBASE.dll
0x00007ffe2ad20000 - 0x00007ffe2ad37000 	C:\WINDOWS\SYSTEM32\dhcpcsvc6.DLL
0x00007ffe2acb0000 - 0x00007ffe2accd000 	C:\WINDOWS\SYSTEM32\dhcpcsvc.DLL
0x0000000054630000 - 0x0000000054654000 	C:\Program Files\Java\jdk1.8.0_161\jre\bin\sunec.dll

VM Arguments:
jvm_args: -XX:TieredStopAtLevel=1 -Xverify:none -Dspring.output.ansi.enabled=always -Dcom.sun.management.jmxremote -Dcom.sun.management.jmxremote.port=2021 -Dcom.sun.management.jmxremote.authenticate=false -Dcom.sun.management.jmxremote.ssl=false -Djava.rmi.server.hostname=localhost -Dspring.liveBeansView.mbeanDomain -Dspring.application.admin.enabled=true -javaagent:D:\development tool installation site\IntelliJ IDEA 2018.2.3\lib\idea_rt.jar=2022:D:\development tool installation site\IntelliJ IDEA 2018.2.3\bin -Dfile.encoding=UTF-8 
java_command: com.xuecheng.auth.UcenterAuthApplication
java_class_path (initial): C:\Program Files\Java\jdk1.8.0_161\jre\lib\charsets.jar;C:\Program Files\Java\jdk1.8.0_161\jre\lib\deploy.jar;C:\Program Files\Java\jdk1.8.0_161\jre\lib\ext\access-bridge-64.jar;C:\Program Files\Java\jdk1.8.0_161\jre\lib\ext\cldrdata.jar;C:\Program Files\Java\jdk1.8.0_161\jre\lib\ext\dnsns.jar;C:\Program Files\Java\jdk1.8.0_161\jre\lib\ext\jaccess.jar;C:\Program Files\Java\jdk1.8.0_161\jre\lib\ext\jfxrt.jar;C:\Program Files\Java\jdk1.8.0_161\jre\lib\ext\localedata.jar;C:\Program Files\Java\jdk1.8.0_161\jre\lib\ext\nashorn.jar;C:\Program Files\Java\jdk1.8.0_161\jre\lib\ext\sunec.jar;C:\Program Files\Java\jdk1.8.0_161\jre\lib\ext\sunjce_provider.jar;C:\Program Files\Java\jdk1.8.0_161\jre\lib\ext\sunmscapi.jar;C:\Program Files\Java\jdk1.8.0_161\jre\lib\ext\sunpkcs11.jar;C:\Program Files\Java\jdk1.8.0_161\jre\lib\ext\zipfs.jar;C:\Program Files\Java\jdk1.8.0_161\jre\lib\javaws.jar;C:\Program Files\Java\jdk1.8.0_161\jre\lib\jce.jar;C:\Program Files\Java\jdk1.8.0_161\jre\lib\jfr.jar;C:\Program Files\Java\jdk1.8.0_161\jre\lib\jfxswt.jar;C:\Program Files\Java\jdk1.8.0_161\jre\lib\jsse.jar;C:\Program Files\Java\jdk1.8.0_161\jre\lib\management-agent.jar;C:\Program Files\Java\jdk1.8.0_161\jre\lib\plugin.jar;C:\Program Files\Java\jdk1.8.0_161\jre\lib\resources.jar;C:\Program Files\Java\jdk1.8.0_161\jre\lib\rt.jar;D:\xczx\xcEduService\xc-service-ucenter-auth\target\classes;D:\xczx\xcEduService\xc-framework-common\target\classes;D:\maven\maven_repository\io\springfox\springfox-swagger2\2.7.0\springfox-swagger2-2.7.0.jar;D:\maven\maven_repository\io\swagger\swagger-annotations\1.5.13\swagger-annotations-1.5.13.jar;D:\maven\maven_repository\io\swagger\swagger-models\1.5.13\swagger-models-1.5.13.jar;D:\maven\maven_repository\io\springfox\springfox-spi\2.7.0\springfox-spi-2.7.0.jar;D:\maven\maven_repository\io\springfox\springfox-core\2.7.0\springfox-core-2.7.0.jar;D:\maven\maven_repository\io\springfox\springfox-schema\2.7.0\springfox-schema-2.7.0.jar;D:\
Launcher Type: SUN_STANDARD

Environment Variables:
JAVA_HOME=C:\Program Files\Java\jdk1.8.0_161
CLASSPATH=.;C:\Program Files\Java\jdk1.8.0_161\lib\dt.jar;C:\Program Files\Java\jdk1.8.0_161\lib\tools.jar
PATH=C:\Program Files (x86)\Common Files\Oracle\Java\javapath;C:\ProgramData\Oracle\Java\javapath;C:\WINDOWS\system32;C:\WINDOWS;C:\WINDOWS\System32\Wbem;C:\WINDOWS\System32\WindowsPowerShell\v1.0\;C:\WINDOWS\System32\OpenSSH\;C:\Program Files\Java\jdk1.8.0_161\bin;C:\Program Files\Java\jdk1.8.0_161\jre\bin;C:\Program Files\MySQL\MySQL Server 5.6\bin;D:\my_java\apache-maven-3.5.2\bin;C:\Program Files\dotnet\;C:\Program Files (x86)\MySQL\MySQL Fabric 1.5.4 & MySQL Utilities 1.5.4 1.5\;C:\Program Files (x86)\MySQL\MySQL Fabric 1.5.4 & MySQL Utilities 1.5.4 1.5\Doctrine extensions for PHP\;C:\Program Files\Microsoft\Web Platform Installer\;C:\Program Files (x86)\Microsoft ASP.NET\ASP.NET Web Pages\v1.0\;C:\Program Files\Microsoft SQL Server\110\Tools\Binn\;D:\development tool installation site\Git\cmd;C:\Program Files\TortoiseGit\bin;D:\development tool installation site\node\;D:\development tool installation site\erlang\erl9.3\bin;D:\development tool installation site\erlang\erl9.3\bin;D:\development tool installation site\node\node_global;D:\development tool installation site\ffmpeg\ffmpeg-20180227-fa0c9d6-win64-static\bin;C:\Program Files\MongoDB\Server\4.2\bin;D:\MongoDB\bin;D:\development tool installation site\ruby\Ruby25-x64\bin;C:\Users\wangbin.HELLOWORD\AppData\Local\Microsoft\WindowsApps
USERNAME=wangbin
OS=Windows_NT
PROCESSOR_IDENTIFIER=Intel64 Family 6 Model 142 Stepping 9, GenuineIntel



---------------  S Y S T E M  ---------------

OS: Windows 10.0 , 64 bit Build 19041 (10.0.19041.1)

CPU:total 4 (initial active 4) (2 cores per cpu, 2 threads per core) family 6 model 142 stepping 9, cmov, cx8, fxsr, mmx, sse, sse2, sse3, ssse3, sse4.1, sse4.2, popcnt, avx, avx2, aes, clmul, erms, 3dnowpref, lzcnt, ht, tsc, tscinvbit, bmi1, bmi2, adx

Memory: 4k page, physical 8260324k(274024k free), swap 21570520k(0k free)

vm_info: Java HotSpot(TM) 64-Bit Server VM (25.161-b12) for windows-amd64 JRE (1.8.0_161-b12), built on Dec 19 2017 17:52:25 by "java_re" with MS VC++ 10.0 (VS2010)

time: Sun Mar 15 09:14:30 2020
elapsed time: 52 seconds (0d 0h 0m 52s)

